<?xml version="1.0" encoding="UTF-8"?>
<!-- Generated by org.testng.reporters.JUnitReportReporter -->
<testsuite hostname="LAPTOP-ODVPAJDQ" failures="0" tests="1" name="com.tests.TwoTest" time="96.645" errors="0" timestamp="2023-06-04T11:13:11 IST" skipped="0">
  <testcase classname="com.tests.TwoTest" name="testTwo" time="96.645"/>
  <system-out/>
</testsuite> <!-- com.tests.TwoTest -->
