<?xml version="1.0" encoding="UTF-8"?>
<!-- Generated by org.testng.reporters.JUnitReportReporter -->
<testsuite hostname="LAPTOP-ODVPAJDQ" failures="0" tests="1" name="com.tests.LoginTest" time="95.828" errors="0" timestamp="2023-06-04T11:13:11 IST" skipped="0">
  <testcase classname="com.tests.LoginTest" name="login" time="95.828"/>
  <system-out/>
</testsuite> <!-- com.tests.LoginTest -->
